[INFO] - 2020-01-25 20:22:01,888 - root - : Root-! in /Users/jastills/personal_projects/mlagent_rl/Soko/training/utils/config.py:69
[INFO] - 2020-01-25 20:22:01,888 - root - : ------ in /Users/jastills/personal_projects/mlagent_rl/Soko/training/utils/config.py:70
[INFO] - 2020-01-25 20:22:04,507 - mlagents.envs - : 
'SokoAcademy' started successfully!
Unity Academy name: SokoAcademy
        Number of Brains: 1
        Number of Training Brains : 1
        Reset Parameters :
		numObstacles -> 1.0
		numBoxes -> 1.0
		gridSize -> 5.0
		numGoals -> 1.0
Unity brain name: SokoWorldLearning
        Number of Visual Observations (per agent): 1
        Vector Observation space size (per agent): 0
        Number of stacked Vector Observation: 1
        Vector Action space type: discrete
        Vector Action space size (per agent): [5]
        Vector Action descriptions:  in /Users/jastills/anaconda3/envs/rl/lib/python3.6/site-packages/mlagents/envs/environment.py:103
[INFO] - 2020-01-25 20:22:04,933 - Agent - : Running on CPU.. in /Users/jastills/personal_projects/mlagent_rl/Soko/training/agents/dqn_soft.py:52
[INFO] - 2020-01-26 08:43:02,402 - Agent - : Please wait while finalizing the operation. in /Users/jastills/personal_projects/mlagent_rl/Soko/training/agents/dqn_soft.py:237
[INFO] - 2020-01-26 11:05:32,785 - root - : Root-! in /Users/jastills/personal_projects/mlagent_rl/Soko/training/utils/config.py:69
[INFO] - 2020-01-26 11:05:32,786 - root - : ------ in /Users/jastills/personal_projects/mlagent_rl/Soko/training/utils/config.py:70
[INFO] - 2020-01-26 11:05:35,547 - mlagents.envs - : 
'SokoAcademy' started successfully!
Unity Academy name: SokoAcademy
        Number of Brains: 1
        Number of Training Brains : 1
        Reset Parameters :
		numObstacles -> 1.0
		numBoxes -> 1.0
		gridSize -> 5.0
		numGoals -> 1.0
Unity brain name: SokoWorldLearning
        Number of Visual Observations (per agent): 1
        Vector Observation space size (per agent): 0
        Number of stacked Vector Observation: 1
        Vector Action space type: discrete
        Vector Action space size (per agent): [5]
        Vector Action descriptions:  in /Users/jastills/anaconda3/envs/rl/lib/python3.6/site-packages/mlagents/envs/environment.py:103
[INFO] - 2020-01-26 11:05:36,121 - Agent - : Running on CPU.. in /Users/jastills/personal_projects/mlagent_rl/Soko/training/agents/dqn_soft.py:52
[INFO] - 2020-01-26 11:05:36,126 - Agent - : Loading checkpoint 'experiments/soko_dqn_softupdate/checkpoints/model_best.pth.tar' in /Users/jastills/personal_projects/mlagent_rl/Soko/training/agents/dqn_soft.py:74
[INFO] - 2020-01-26 11:05:36,172 - Agent - : Checkpoint loaded from 'experiments/soko_dqn_softupdate/checkpoints' at (epoch 23311) at (iteration 542131)
 in /Users/jastills/personal_projects/mlagent_rl/Soko/training/agents/dqn_soft.py:85
[INFO] - 2020-01-26 11:05:37,008 - Agent - : Loading checkpoint 'experiments/soko_dqn_softupdate/checkpoints/model_best.pth.tar' in /Users/jastills/personal_projects/mlagent_rl/Soko/training/agents/dqn_soft.py:74
[INFO] - 2020-01-26 11:05:37,020 - Agent - : Checkpoint loaded from 'experiments/soko_dqn_softupdate/checkpoints' at (epoch 23311) at (iteration 542131)
 in /Users/jastills/personal_projects/mlagent_rl/Soko/training/agents/dqn_soft.py:85
[INFO] - 2020-01-26 11:05:37,777 - Agent - : Loading checkpoint 'experiments/soko_dqn_softupdate/checkpoints/model_best.pth.tar' in /Users/jastills/personal_projects/mlagent_rl/Soko/training/agents/dqn_soft.py:74
[INFO] - 2020-01-26 11:05:37,787 - Agent - : Checkpoint loaded from 'experiments/soko_dqn_softupdate/checkpoints' at (epoch 23311) at (iteration 542131)
 in /Users/jastills/personal_projects/mlagent_rl/Soko/training/agents/dqn_soft.py:85
[INFO] - 2020-01-26 11:05:38,536 - Agent - : Loading checkpoint 'experiments/soko_dqn_softupdate/checkpoints/model_best.pth.tar' in /Users/jastills/personal_projects/mlagent_rl/Soko/training/agents/dqn_soft.py:74
[INFO] - 2020-01-26 11:05:38,548 - Agent - : Checkpoint loaded from 'experiments/soko_dqn_softupdate/checkpoints' at (epoch 23311) at (iteration 542131)
 in /Users/jastills/personal_projects/mlagent_rl/Soko/training/agents/dqn_soft.py:85
[INFO] - 2020-01-26 11:05:39,347 - Agent - : Loading checkpoint 'experiments/soko_dqn_softupdate/checkpoints/model_best.pth.tar' in /Users/jastills/personal_projects/mlagent_rl/Soko/training/agents/dqn_soft.py:74
[INFO] - 2020-01-26 11:05:39,360 - Agent - : Checkpoint loaded from 'experiments/soko_dqn_softupdate/checkpoints' at (epoch 23311) at (iteration 542131)
 in /Users/jastills/personal_projects/mlagent_rl/Soko/training/agents/dqn_soft.py:85
[INFO] - 2020-01-26 11:05:40,108 - Agent - : Loading checkpoint 'experiments/soko_dqn_softupdate/checkpoints/model_best.pth.tar' in /Users/jastills/personal_projects/mlagent_rl/Soko/training/agents/dqn_soft.py:74
[INFO] - 2020-01-26 11:05:40,120 - Agent - : Checkpoint loaded from 'experiments/soko_dqn_softupdate/checkpoints' at (epoch 23311) at (iteration 542131)
 in /Users/jastills/personal_projects/mlagent_rl/Soko/training/agents/dqn_soft.py:85
[INFO] - 2020-01-26 11:05:40,857 - Agent - : Loading checkpoint 'experiments/soko_dqn_softupdate/checkpoints/model_best.pth.tar' in /Users/jastills/personal_projects/mlagent_rl/Soko/training/agents/dqn_soft.py:74
[INFO] - 2020-01-26 11:05:40,868 - Agent - : Checkpoint loaded from 'experiments/soko_dqn_softupdate/checkpoints' at (epoch 23311) at (iteration 542131)
 in /Users/jastills/personal_projects/mlagent_rl/Soko/training/agents/dqn_soft.py:85
[INFO] - 2020-01-26 11:05:41,608 - Agent - : Loading checkpoint 'experiments/soko_dqn_softupdate/checkpoints/model_best.pth.tar' in /Users/jastills/personal_projects/mlagent_rl/Soko/training/agents/dqn_soft.py:74
[INFO] - 2020-01-26 11:05:41,617 - Agent - : Checkpoint loaded from 'experiments/soko_dqn_softupdate/checkpoints' at (epoch 23311) at (iteration 542131)
 in /Users/jastills/personal_projects/mlagent_rl/Soko/training/agents/dqn_soft.py:85
[INFO] - 2020-01-26 11:05:42,362 - Agent - : Loading checkpoint 'experiments/soko_dqn_softupdate/checkpoints/model_best.pth.tar' in /Users/jastills/personal_projects/mlagent_rl/Soko/training/agents/dqn_soft.py:74
[INFO] - 2020-01-26 11:05:42,371 - Agent - : Checkpoint loaded from 'experiments/soko_dqn_softupdate/checkpoints' at (epoch 23311) at (iteration 542131)
 in /Users/jastills/personal_projects/mlagent_rl/Soko/training/agents/dqn_soft.py:85
[INFO] - 2020-01-26 11:05:43,103 - Agent - : Loading checkpoint 'experiments/soko_dqn_softupdate/checkpoints/model_best.pth.tar' in /Users/jastills/personal_projects/mlagent_rl/Soko/training/agents/dqn_soft.py:74
[INFO] - 2020-01-26 11:05:43,112 - Agent - : Checkpoint loaded from 'experiments/soko_dqn_softupdate/checkpoints' at (epoch 23311) at (iteration 542131)
 in /Users/jastills/personal_projects/mlagent_rl/Soko/training/agents/dqn_soft.py:85
[INFO] - 2020-01-26 11:06:59,459 - root - : Root-! in /Users/jastills/personal_projects/mlagent_rl/Soko/training/utils/config.py:69
[INFO] - 2020-01-26 11:06:59,459 - root - : ------ in /Users/jastills/personal_projects/mlagent_rl/Soko/training/utils/config.py:70
[INFO] - 2020-01-26 11:07:01,866 - mlagents.envs - : 
'SokoAcademy' started successfully!
Unity Academy name: SokoAcademy
        Number of Brains: 1
        Number of Training Brains : 1
        Reset Parameters :
		numGoals -> 1.0
		numObstacles -> 1.0
		numBoxes -> 1.0
		gridSize -> 5.0
Unity brain name: SokoWorldLearning
        Number of Visual Observations (per agent): 1
        Vector Observation space size (per agent): 0
        Number of stacked Vector Observation: 1
        Vector Action space type: discrete
        Vector Action space size (per agent): [5]
        Vector Action descriptions:  in /Users/jastills/anaconda3/envs/rl/lib/python3.6/site-packages/mlagents/envs/environment.py:103
[INFO] - 2020-01-26 11:07:02,179 - Agent - : Running on CPU.. in /Users/jastills/personal_projects/mlagent_rl/Soko/training/agents/dqn_soft.py:52
[INFO] - 2020-01-26 11:07:02,182 - Agent - : Loading checkpoint 'experiments/soko_dqn_softupdate/checkpoints/model_best.pth.tar' in /Users/jastills/personal_projects/mlagent_rl/Soko/training/agents/dqn_soft.py:74
[INFO] - 2020-01-26 11:07:02,199 - Agent - : Checkpoint loaded from 'experiments/soko_dqn_softupdate/checkpoints' at (epoch 23311) at (iteration 542131)
 in /Users/jastills/personal_projects/mlagent_rl/Soko/training/agents/dqn_soft.py:85
[INFO] - 2020-01-26 11:07:02,582 - Agent - : Loading checkpoint 'experiments/soko_dqn_softupdate/checkpoints/model_best.pth.tar' in /Users/jastills/personal_projects/mlagent_rl/Soko/training/agents/dqn_soft.py:74
[INFO] - 2020-01-26 11:07:02,594 - Agent - : Checkpoint loaded from 'experiments/soko_dqn_softupdate/checkpoints' at (epoch 23311) at (iteration 542131)
 in /Users/jastills/personal_projects/mlagent_rl/Soko/training/agents/dqn_soft.py:85
[INFO] - 2020-01-26 11:07:02,859 - Agent - : Loading checkpoint 'experiments/soko_dqn_softupdate/checkpoints/model_best.pth.tar' in /Users/jastills/personal_projects/mlagent_rl/Soko/training/agents/dqn_soft.py:74
[INFO] - 2020-01-26 11:07:02,868 - Agent - : Checkpoint loaded from 'experiments/soko_dqn_softupdate/checkpoints' at (epoch 23311) at (iteration 542131)
 in /Users/jastills/personal_projects/mlagent_rl/Soko/training/agents/dqn_soft.py:85
[INFO] - 2020-01-26 11:07:03,133 - Agent - : Loading checkpoint 'experiments/soko_dqn_softupdate/checkpoints/model_best.pth.tar' in /Users/jastills/personal_projects/mlagent_rl/Soko/training/agents/dqn_soft.py:74
[INFO] - 2020-01-26 11:07:03,143 - Agent - : Checkpoint loaded from 'experiments/soko_dqn_softupdate/checkpoints' at (epoch 23311) at (iteration 542131)
 in /Users/jastills/personal_projects/mlagent_rl/Soko/training/agents/dqn_soft.py:85
[INFO] - 2020-01-26 11:07:03,418 - Agent - : Loading checkpoint 'experiments/soko_dqn_softupdate/checkpoints/model_best.pth.tar' in /Users/jastills/personal_projects/mlagent_rl/Soko/training/agents/dqn_soft.py:74
[INFO] - 2020-01-26 11:07:03,429 - Agent - : Checkpoint loaded from 'experiments/soko_dqn_softupdate/checkpoints' at (epoch 23311) at (iteration 542131)
 in /Users/jastills/personal_projects/mlagent_rl/Soko/training/agents/dqn_soft.py:85
[INFO] - 2020-01-26 11:07:03,699 - Agent - : Loading checkpoint 'experiments/soko_dqn_softupdate/checkpoints/model_best.pth.tar' in /Users/jastills/personal_projects/mlagent_rl/Soko/training/agents/dqn_soft.py:74
[INFO] - 2020-01-26 11:07:03,711 - Agent - : Checkpoint loaded from 'experiments/soko_dqn_softupdate/checkpoints' at (epoch 23311) at (iteration 542131)
 in /Users/jastills/personal_projects/mlagent_rl/Soko/training/agents/dqn_soft.py:85
[INFO] - 2020-01-26 11:07:03,978 - Agent - : Loading checkpoint 'experiments/soko_dqn_softupdate/checkpoints/model_best.pth.tar' in /Users/jastills/personal_projects/mlagent_rl/Soko/training/agents/dqn_soft.py:74
[INFO] - 2020-01-26 11:07:03,989 - Agent - : Checkpoint loaded from 'experiments/soko_dqn_softupdate/checkpoints' at (epoch 23311) at (iteration 542131)
 in /Users/jastills/personal_projects/mlagent_rl/Soko/training/agents/dqn_soft.py:85
[INFO] - 2020-01-26 11:07:04,260 - Agent - : Loading checkpoint 'experiments/soko_dqn_softupdate/checkpoints/model_best.pth.tar' in /Users/jastills/personal_projects/mlagent_rl/Soko/training/agents/dqn_soft.py:74
[INFO] - 2020-01-26 11:07:04,270 - Agent - : Checkpoint loaded from 'experiments/soko_dqn_softupdate/checkpoints' at (epoch 23311) at (iteration 542131)
 in /Users/jastills/personal_projects/mlagent_rl/Soko/training/agents/dqn_soft.py:85
[INFO] - 2020-01-26 11:07:04,533 - Agent - : Loading checkpoint 'experiments/soko_dqn_softupdate/checkpoints/model_best.pth.tar' in /Users/jastills/personal_projects/mlagent_rl/Soko/training/agents/dqn_soft.py:74
[INFO] - 2020-01-26 11:07:04,544 - Agent - : Checkpoint loaded from 'experiments/soko_dqn_softupdate/checkpoints' at (epoch 23311) at (iteration 542131)
 in /Users/jastills/personal_projects/mlagent_rl/Soko/training/agents/dqn_soft.py:85
[INFO] - 2020-01-26 11:07:04,809 - Agent - : Loading checkpoint 'experiments/soko_dqn_softupdate/checkpoints/model_best.pth.tar' in /Users/jastills/personal_projects/mlagent_rl/Soko/training/agents/dqn_soft.py:74
[INFO] - 2020-01-26 11:07:04,821 - Agent - : Checkpoint loaded from 'experiments/soko_dqn_softupdate/checkpoints' at (epoch 23311) at (iteration 542131)
 in /Users/jastills/personal_projects/mlagent_rl/Soko/training/agents/dqn_soft.py:85
[INFO] - 2020-01-26 11:10:32,067 - root - : Root-! in /Users/jastills/personal_projects/mlagent_rl/Soko/training/utils/config.py:69
[INFO] - 2020-01-26 11:10:32,067 - root - : ------ in /Users/jastills/personal_projects/mlagent_rl/Soko/training/utils/config.py:70
[INFO] - 2020-01-26 11:10:34,529 - mlagents.envs - : 
'SokoAcademy' started successfully!
Unity Academy name: SokoAcademy
        Number of Brains: 1
        Number of Training Brains : 1
        Reset Parameters :
		numObstacles -> 1.0
		numBoxes -> 1.0
		gridSize -> 5.0
		numGoals -> 1.0
Unity brain name: SokoWorldLearning
        Number of Visual Observations (per agent): 1
        Vector Observation space size (per agent): 0
        Number of stacked Vector Observation: 1
        Vector Action space type: discrete
        Vector Action space size (per agent): [5]
        Vector Action descriptions:  in /Users/jastills/anaconda3/envs/rl/lib/python3.6/site-packages/mlagents/envs/environment.py:103
[INFO] - 2020-01-26 11:10:34,951 - Agent - : Running on CPU.. in /Users/jastills/personal_projects/mlagent_rl/Soko/training/agents/dqn_soft.py:52
[INFO] - 2020-01-26 11:10:34,953 - Agent - : Loading checkpoint 'experiments/soko_dqn_softupdate/checkpoints/model_best.pth.tar' in /Users/jastills/personal_projects/mlagent_rl/Soko/training/agents/dqn_soft.py:74
[INFO] - 2020-01-26 11:10:34,973 - Agent - : Checkpoint loaded from 'experiments/soko_dqn_softupdate/checkpoints' at (epoch 23311) at (iteration 542131)
 in /Users/jastills/personal_projects/mlagent_rl/Soko/training/agents/dqn_soft.py:85
[INFO] - 2020-01-26 11:10:39,002 - Agent - : Loading checkpoint 'experiments/soko_dqn_softupdate/checkpoints/model_best.pth.tar' in /Users/jastills/personal_projects/mlagent_rl/Soko/training/agents/dqn_soft.py:74
[INFO] - 2020-01-26 11:10:39,014 - Agent - : Checkpoint loaded from 'experiments/soko_dqn_softupdate/checkpoints' at (epoch 23311) at (iteration 542131)
 in /Users/jastills/personal_projects/mlagent_rl/Soko/training/agents/dqn_soft.py:85
[INFO] - 2020-01-26 11:10:42,970 - Agent - : Loading checkpoint 'experiments/soko_dqn_softupdate/checkpoints/model_best.pth.tar' in /Users/jastills/personal_projects/mlagent_rl/Soko/training/agents/dqn_soft.py:74
[INFO] - 2020-01-26 11:10:42,979 - Agent - : Checkpoint loaded from 'experiments/soko_dqn_softupdate/checkpoints' at (epoch 23311) at (iteration 542131)
 in /Users/jastills/personal_projects/mlagent_rl/Soko/training/agents/dqn_soft.py:85
[INFO] - 2020-01-26 11:10:46,938 - Agent - : Loading checkpoint 'experiments/soko_dqn_softupdate/checkpoints/model_best.pth.tar' in /Users/jastills/personal_projects/mlagent_rl/Soko/training/agents/dqn_soft.py:74
[INFO] - 2020-01-26 11:10:46,947 - Agent - : Checkpoint loaded from 'experiments/soko_dqn_softupdate/checkpoints' at (epoch 23311) at (iteration 542131)
 in /Users/jastills/personal_projects/mlagent_rl/Soko/training/agents/dqn_soft.py:85
[INFO] - 2020-01-26 11:10:51,072 - Agent - : Loading checkpoint 'experiments/soko_dqn_softupdate/checkpoints/model_best.pth.tar' in /Users/jastills/personal_projects/mlagent_rl/Soko/training/agents/dqn_soft.py:74
[INFO] - 2020-01-26 11:10:51,081 - Agent - : Checkpoint loaded from 'experiments/soko_dqn_softupdate/checkpoints' at (epoch 23311) at (iteration 542131)
 in /Users/jastills/personal_projects/mlagent_rl/Soko/training/agents/dqn_soft.py:85
[INFO] - 2020-01-26 11:10:55,040 - Agent - : Loading checkpoint 'experiments/soko_dqn_softupdate/checkpoints/model_best.pth.tar' in /Users/jastills/personal_projects/mlagent_rl/Soko/training/agents/dqn_soft.py:74
[INFO] - 2020-01-26 11:10:55,051 - Agent - : Checkpoint loaded from 'experiments/soko_dqn_softupdate/checkpoints' at (epoch 23311) at (iteration 542131)
 in /Users/jastills/personal_projects/mlagent_rl/Soko/training/agents/dqn_soft.py:85
[INFO] - 2020-01-26 11:10:59,025 - Agent - : Loading checkpoint 'experiments/soko_dqn_softupdate/checkpoints/model_best.pth.tar' in /Users/jastills/personal_projects/mlagent_rl/Soko/training/agents/dqn_soft.py:74
[INFO] - 2020-01-26 11:10:59,036 - Agent - : Checkpoint loaded from 'experiments/soko_dqn_softupdate/checkpoints' at (epoch 23311) at (iteration 542131)
 in /Users/jastills/personal_projects/mlagent_rl/Soko/training/agents/dqn_soft.py:85
[INFO] - 2020-01-26 11:11:03,177 - Agent - : Loading checkpoint 'experiments/soko_dqn_softupdate/checkpoints/model_best.pth.tar' in /Users/jastills/personal_projects/mlagent_rl/Soko/training/agents/dqn_soft.py:74
[INFO] - 2020-01-26 11:11:03,187 - Agent - : Checkpoint loaded from 'experiments/soko_dqn_softupdate/checkpoints' at (epoch 23311) at (iteration 542131)
 in /Users/jastills/personal_projects/mlagent_rl/Soko/training/agents/dqn_soft.py:85
[INFO] - 2020-01-26 11:11:07,160 - Agent - : Loading checkpoint 'experiments/soko_dqn_softupdate/checkpoints/model_best.pth.tar' in /Users/jastills/personal_projects/mlagent_rl/Soko/training/agents/dqn_soft.py:74
[INFO] - 2020-01-26 11:11:07,171 - Agent - : Checkpoint loaded from 'experiments/soko_dqn_softupdate/checkpoints' at (epoch 23311) at (iteration 542131)
 in /Users/jastills/personal_projects/mlagent_rl/Soko/training/agents/dqn_soft.py:85
[INFO] - 2020-01-26 11:11:11,129 - Agent - : Loading checkpoint 'experiments/soko_dqn_softupdate/checkpoints/model_best.pth.tar' in /Users/jastills/personal_projects/mlagent_rl/Soko/training/agents/dqn_soft.py:74
[INFO] - 2020-01-26 11:11:11,141 - Agent - : Checkpoint loaded from 'experiments/soko_dqn_softupdate/checkpoints' at (epoch 23311) at (iteration 542131)
 in /Users/jastills/personal_projects/mlagent_rl/Soko/training/agents/dqn_soft.py:85
[INFO] - 2020-01-26 11:11:19,350 - root - : Root-! in /Users/jastills/personal_projects/mlagent_rl/Soko/training/utils/config.py:69
[INFO] - 2020-01-26 11:11:19,549 - root - : ------ in /Users/jastills/personal_projects/mlagent_rl/Soko/training/utils/config.py:70
[INFO] - 2020-01-26 11:11:22,017 - mlagents.envs - : 
'SokoAcademy' started successfully!
Unity Academy name: SokoAcademy
        Number of Brains: 1
        Number of Training Brains : 1
        Reset Parameters :
		numObstacles -> 1.0
		numBoxes -> 1.0
		gridSize -> 5.0
		numGoals -> 1.0
Unity brain name: SokoWorldLearning
        Number of Visual Observations (per agent): 1
        Vector Observation space size (per agent): 0
        Number of stacked Vector Observation: 1
        Vector Action space type: discrete
        Vector Action space size (per agent): [5]
        Vector Action descriptions:  in /Users/jastills/anaconda3/envs/rl/lib/python3.6/site-packages/mlagents/envs/environment.py:103
[INFO] - 2020-01-26 11:11:22,368 - Agent - : Running on CPU.. in /Users/jastills/personal_projects/mlagent_rl/Soko/training/agents/dqn_soft.py:52
[INFO] - 2020-01-26 11:11:22,371 - Agent - : Loading checkpoint 'experiments/soko_dqn_softupdate/checkpoints/ckpt_025000.pth.tar' in /Users/jastills/personal_projects/mlagent_rl/Soko/training/agents/dqn_soft.py:74
[INFO] - 2020-01-26 11:11:22,394 - Agent - : Checkpoint loaded from 'experiments/soko_dqn_softupdate/checkpoints' at (epoch 25000) at (iteration 564091)
 in /Users/jastills/personal_projects/mlagent_rl/Soko/training/agents/dqn_soft.py:85
[INFO] - 2020-01-26 11:11:26,466 - Agent - : Loading checkpoint 'experiments/soko_dqn_softupdate/checkpoints/ckpt_025000.pth.tar' in /Users/jastills/personal_projects/mlagent_rl/Soko/training/agents/dqn_soft.py:74
[INFO] - 2020-01-26 11:11:26,478 - Agent - : Checkpoint loaded from 'experiments/soko_dqn_softupdate/checkpoints' at (epoch 25000) at (iteration 564091)
 in /Users/jastills/personal_projects/mlagent_rl/Soko/training/agents/dqn_soft.py:85
[INFO] - 2020-01-26 11:11:30,434 - Agent - : Loading checkpoint 'experiments/soko_dqn_softupdate/checkpoints/ckpt_025000.pth.tar' in /Users/jastills/personal_projects/mlagent_rl/Soko/training/agents/dqn_soft.py:74
[INFO] - 2020-01-26 11:11:30,443 - Agent - : Checkpoint loaded from 'experiments/soko_dqn_softupdate/checkpoints' at (epoch 25000) at (iteration 564091)
 in /Users/jastills/personal_projects/mlagent_rl/Soko/training/agents/dqn_soft.py:85
[INFO] - 2020-01-26 11:11:34,402 - Agent - : Loading checkpoint 'experiments/soko_dqn_softupdate/checkpoints/ckpt_025000.pth.tar' in /Users/jastills/personal_projects/mlagent_rl/Soko/training/agents/dqn_soft.py:74
[INFO] - 2020-01-26 11:11:34,412 - Agent - : Checkpoint loaded from 'experiments/soko_dqn_softupdate/checkpoints' at (epoch 25000) at (iteration 564091)
 in /Users/jastills/personal_projects/mlagent_rl/Soko/training/agents/dqn_soft.py:85
[INFO] - 2020-01-26 11:11:38,537 - Agent - : Loading checkpoint 'experiments/soko_dqn_softupdate/checkpoints/ckpt_025000.pth.tar' in /Users/jastills/personal_projects/mlagent_rl/Soko/training/agents/dqn_soft.py:74
[INFO] - 2020-01-26 11:11:38,546 - Agent - : Checkpoint loaded from 'experiments/soko_dqn_softupdate/checkpoints' at (epoch 25000) at (iteration 564091)
 in /Users/jastills/personal_projects/mlagent_rl/Soko/training/agents/dqn_soft.py:85
[INFO] - 2020-01-26 11:11:38,904 - Agent - : Loading checkpoint 'experiments/soko_dqn_softupdate/checkpoints/ckpt_025000.pth.tar' in /Users/jastills/personal_projects/mlagent_rl/Soko/training/agents/dqn_soft.py:74
[INFO] - 2020-01-26 11:11:38,912 - Agent - : Checkpoint loaded from 'experiments/soko_dqn_softupdate/checkpoints' at (epoch 25000) at (iteration 564091)
 in /Users/jastills/personal_projects/mlagent_rl/Soko/training/agents/dqn_soft.py:85
[INFO] - 2020-01-26 11:11:42,871 - Agent - : Loading checkpoint 'experiments/soko_dqn_softupdate/checkpoints/ckpt_025000.pth.tar' in /Users/jastills/personal_projects/mlagent_rl/Soko/training/agents/dqn_soft.py:74
[INFO] - 2020-01-26 11:11:42,880 - Agent - : Checkpoint loaded from 'experiments/soko_dqn_softupdate/checkpoints' at (epoch 25000) at (iteration 564091)
 in /Users/jastills/personal_projects/mlagent_rl/Soko/training/agents/dqn_soft.py:85
[INFO] - 2020-01-26 11:11:46,822 - Agent - : Loading checkpoint 'experiments/soko_dqn_softupdate/checkpoints/ckpt_025000.pth.tar' in /Users/jastills/personal_projects/mlagent_rl/Soko/training/agents/dqn_soft.py:74
[INFO] - 2020-01-26 11:11:46,831 - Agent - : Checkpoint loaded from 'experiments/soko_dqn_softupdate/checkpoints' at (epoch 25000) at (iteration 564091)
 in /Users/jastills/personal_projects/mlagent_rl/Soko/training/agents/dqn_soft.py:85
[INFO] - 2020-01-26 11:11:50,791 - Agent - : Loading checkpoint 'experiments/soko_dqn_softupdate/checkpoints/ckpt_025000.pth.tar' in /Users/jastills/personal_projects/mlagent_rl/Soko/training/agents/dqn_soft.py:74
[INFO] - 2020-01-26 11:11:50,801 - Agent - : Checkpoint loaded from 'experiments/soko_dqn_softupdate/checkpoints' at (epoch 25000) at (iteration 564091)
 in /Users/jastills/personal_projects/mlagent_rl/Soko/training/agents/dqn_soft.py:85
[INFO] - 2020-01-26 11:11:54,742 - Agent - : Loading checkpoint 'experiments/soko_dqn_softupdate/checkpoints/ckpt_025000.pth.tar' in /Users/jastills/personal_projects/mlagent_rl/Soko/training/agents/dqn_soft.py:74
[INFO] - 2020-01-26 11:11:54,751 - Agent - : Checkpoint loaded from 'experiments/soko_dqn_softupdate/checkpoints' at (epoch 25000) at (iteration 564091)
 in /Users/jastills/personal_projects/mlagent_rl/Soko/training/agents/dqn_soft.py:85
[INFO] - 2020-01-26 11:16:38,160 - root - : Root-! in /Users/jastills/personal_projects/mlagent_rl/Soko/training/utils/config.py:69
[INFO] - 2020-01-26 11:16:38,266 - root - : ------ in /Users/jastills/personal_projects/mlagent_rl/Soko/training/utils/config.py:70
[INFO] - 2020-01-26 11:16:40,717 - mlagents.envs - : 
'SokoAcademy' started successfully!
Unity Academy name: SokoAcademy
        Number of Brains: 1
        Number of Training Brains : 1
        Reset Parameters :
		numObstacles -> 1.0
		numBoxes -> 1.0
		gridSize -> 5.0
		numGoals -> 1.0
Unity brain name: SokoWorldLearning
        Number of Visual Observations (per agent): 1
        Vector Observation space size (per agent): 0
        Number of stacked Vector Observation: 1
        Vector Action space type: discrete
        Vector Action space size (per agent): [5]
        Vector Action descriptions:  in /Users/jastills/anaconda3/envs/rl/lib/python3.6/site-packages/mlagents/envs/environment.py:103
[INFO] - 2020-01-26 11:16:41,060 - Agent - : Running on CPU.. in /Users/jastills/personal_projects/mlagent_rl/Soko/training/agents/dqn_soft.py:52
[INFO] - 2020-01-26 11:16:41,063 - Agent - : Loading checkpoint 'experiments/soko_dqn_softupdate/checkpoints/ckpt_025000.pth.tar' in /Users/jastills/personal_projects/mlagent_rl/Soko/training/agents/dqn_soft.py:74
[INFO] - 2020-01-26 11:16:41,084 - Agent - : Checkpoint loaded from 'experiments/soko_dqn_softupdate/checkpoints' at (epoch 25000) at (iteration 564091)
 in /Users/jastills/personal_projects/mlagent_rl/Soko/training/agents/dqn_soft.py:85
[INFO] - 2020-01-26 11:16:45,115 - Agent - : Loading checkpoint 'experiments/soko_dqn_softupdate/checkpoints/ckpt_025000.pth.tar' in /Users/jastills/personal_projects/mlagent_rl/Soko/training/agents/dqn_soft.py:74
[INFO] - 2020-01-26 11:16:45,128 - Agent - : Checkpoint loaded from 'experiments/soko_dqn_softupdate/checkpoints' at (epoch 25000) at (iteration 564091)
 in /Users/jastills/personal_projects/mlagent_rl/Soko/training/agents/dqn_soft.py:85
[INFO] - 2020-01-26 11:16:45,316 - Agent - : Loading checkpoint 'experiments/soko_dqn_softupdate/checkpoints/ckpt_025000.pth.tar' in /Users/jastills/personal_projects/mlagent_rl/Soko/training/agents/dqn_soft.py:74
[INFO] - 2020-01-26 11:16:45,325 - Agent - : Checkpoint loaded from 'experiments/soko_dqn_softupdate/checkpoints' at (epoch 25000) at (iteration 564091)
 in /Users/jastills/personal_projects/mlagent_rl/Soko/training/agents/dqn_soft.py:85
[INFO] - 2020-01-26 11:16:47,649 - Agent - : Loading checkpoint 'experiments/soko_dqn_softupdate/checkpoints/ckpt_025000.pth.tar' in /Users/jastills/personal_projects/mlagent_rl/Soko/training/agents/dqn_soft.py:74
[INFO] - 2020-01-26 11:16:47,660 - Agent - : Checkpoint loaded from 'experiments/soko_dqn_softupdate/checkpoints' at (epoch 25000) at (iteration 564091)
 in /Users/jastills/personal_projects/mlagent_rl/Soko/training/agents/dqn_soft.py:85
[INFO] - 2020-01-26 11:16:49,283 - Agent - : Loading checkpoint 'experiments/soko_dqn_softupdate/checkpoints/ckpt_025000.pth.tar' in /Users/jastills/personal_projects/mlagent_rl/Soko/training/agents/dqn_soft.py:74
[INFO] - 2020-01-26 11:16:49,294 - Agent - : Checkpoint loaded from 'experiments/soko_dqn_softupdate/checkpoints' at (epoch 25000) at (iteration 564091)
 in /Users/jastills/personal_projects/mlagent_rl/Soko/training/agents/dqn_soft.py:85
[INFO] - 2020-01-26 11:16:50,750 - Agent - : Loading checkpoint 'experiments/soko_dqn_softupdate/checkpoints/ckpt_025000.pth.tar' in /Users/jastills/personal_projects/mlagent_rl/Soko/training/agents/dqn_soft.py:74
[INFO] - 2020-01-26 11:16:50,761 - Agent - : Checkpoint loaded from 'experiments/soko_dqn_softupdate/checkpoints' at (epoch 25000) at (iteration 564091)
 in /Users/jastills/personal_projects/mlagent_rl/Soko/training/agents/dqn_soft.py:85
[INFO] - 2020-01-26 11:16:54,718 - Agent - : Loading checkpoint 'experiments/soko_dqn_softupdate/checkpoints/ckpt_025000.pth.tar' in /Users/jastills/personal_projects/mlagent_rl/Soko/training/agents/dqn_soft.py:74
[INFO] - 2020-01-26 11:16:54,729 - Agent - : Checkpoint loaded from 'experiments/soko_dqn_softupdate/checkpoints' at (epoch 25000) at (iteration 564091)
 in /Users/jastills/personal_projects/mlagent_rl/Soko/training/agents/dqn_soft.py:85
[INFO] - 2020-01-26 11:16:55,452 - Agent - : Loading checkpoint 'experiments/soko_dqn_softupdate/checkpoints/ckpt_025000.pth.tar' in /Users/jastills/personal_projects/mlagent_rl/Soko/training/agents/dqn_soft.py:74
[INFO] - 2020-01-26 11:16:55,462 - Agent - : Checkpoint loaded from 'experiments/soko_dqn_softupdate/checkpoints' at (epoch 25000) at (iteration 564091)
 in /Users/jastills/personal_projects/mlagent_rl/Soko/training/agents/dqn_soft.py:85
[INFO] - 2020-01-26 11:16:57,269 - Agent - : Loading checkpoint 'experiments/soko_dqn_softupdate/checkpoints/ckpt_025000.pth.tar' in /Users/jastills/personal_projects/mlagent_rl/Soko/training/agents/dqn_soft.py:74
[INFO] - 2020-01-26 11:16:57,279 - Agent - : Checkpoint loaded from 'experiments/soko_dqn_softupdate/checkpoints' at (epoch 25000) at (iteration 564091)
 in /Users/jastills/personal_projects/mlagent_rl/Soko/training/agents/dqn_soft.py:85
[INFO] - 2020-01-26 11:16:59,086 - Agent - : Loading checkpoint 'experiments/soko_dqn_softupdate/checkpoints/ckpt_025000.pth.tar' in /Users/jastills/personal_projects/mlagent_rl/Soko/training/agents/dqn_soft.py:74
[INFO] - 2020-01-26 11:16:59,097 - Agent - : Checkpoint loaded from 'experiments/soko_dqn_softupdate/checkpoints' at (epoch 25000) at (iteration 564091)
 in /Users/jastills/personal_projects/mlagent_rl/Soko/training/agents/dqn_soft.py:85
[INFO] - 2020-01-26 11:18:09,280 - root - : Root-! in /Users/jastills/personal_projects/mlagent_rl/Soko/training/utils/config.py:69
[INFO] - 2020-01-26 11:18:09,281 - root - : ------ in /Users/jastills/personal_projects/mlagent_rl/Soko/training/utils/config.py:70
[INFO] - 2020-01-26 11:18:11,721 - mlagents.envs - : 
'SokoAcademy' started successfully!
Unity Academy name: SokoAcademy
        Number of Brains: 1
        Number of Training Brains : 1
        Reset Parameters :
		numObstacles -> 1.0
		numBoxes -> 1.0
		gridSize -> 5.0
		numGoals -> 1.0
Unity brain name: SokoWorldLearning
        Number of Visual Observations (per agent): 1
        Vector Observation space size (per agent): 0
        Number of stacked Vector Observation: 1
        Vector Action space type: discrete
        Vector Action space size (per agent): [5]
        Vector Action descriptions:  in /Users/jastills/anaconda3/envs/rl/lib/python3.6/site-packages/mlagents/envs/environment.py:103
[INFO] - 2020-01-26 11:18:12,091 - Agent - : Running on CPU.. in /Users/jastills/personal_projects/mlagent_rl/Soko/training/agents/dqn_soft.py:52
[INFO] - 2020-01-26 11:18:12,093 - Agent - : Loading checkpoint 'experiments/soko_dqn_softupdate/checkpoints/ckpt_025000.pth.tar' in /Users/jastills/personal_projects/mlagent_rl/Soko/training/agents/dqn_soft.py:74
[INFO] - 2020-01-26 11:18:12,112 - Agent - : Checkpoint loaded from 'experiments/soko_dqn_softupdate/checkpoints' at (epoch 25000) at (iteration 564091)
 in /Users/jastills/personal_projects/mlagent_rl/Soko/training/agents/dqn_soft.py:85
[INFO] - 2020-01-26 11:18:16,160 - Agent - : Loading checkpoint 'experiments/soko_dqn_softupdate/checkpoints/ckpt_025000.pth.tar' in /Users/jastills/personal_projects/mlagent_rl/Soko/training/agents/dqn_soft.py:74
[INFO] - 2020-01-26 11:18:16,172 - Agent - : Checkpoint loaded from 'experiments/soko_dqn_softupdate/checkpoints' at (epoch 25000) at (iteration 564091)
 in /Users/jastills/personal_projects/mlagent_rl/Soko/training/agents/dqn_soft.py:85
[INFO] - 2020-01-26 11:18:17,076 - Agent - : Loading checkpoint 'experiments/soko_dqn_softupdate/checkpoints/ckpt_025000.pth.tar' in /Users/jastills/personal_projects/mlagent_rl/Soko/training/agents/dqn_soft.py:74
[INFO] - 2020-01-26 11:18:17,086 - Agent - : Checkpoint loaded from 'experiments/soko_dqn_softupdate/checkpoints' at (epoch 25000) at (iteration 564091)
 in /Users/jastills/personal_projects/mlagent_rl/Soko/training/agents/dqn_soft.py:85
[INFO] - 2020-01-26 11:18:19,228 - Agent - : Loading checkpoint 'experiments/soko_dqn_softupdate/checkpoints/ckpt_025000.pth.tar' in /Users/jastills/personal_projects/mlagent_rl/Soko/training/agents/dqn_soft.py:74
[INFO] - 2020-01-26 11:18:19,237 - Agent - : Checkpoint loaded from 'experiments/soko_dqn_softupdate/checkpoints' at (epoch 25000) at (iteration 564091)
 in /Users/jastills/personal_projects/mlagent_rl/Soko/training/agents/dqn_soft.py:85
[INFO] - 2020-01-26 11:18:20,861 - Agent - : Loading checkpoint 'experiments/soko_dqn_softupdate/checkpoints/ckpt_025000.pth.tar' in /Users/jastills/personal_projects/mlagent_rl/Soko/training/agents/dqn_soft.py:74
[INFO] - 2020-01-26 11:18:20,871 - Agent - : Checkpoint loaded from 'experiments/soko_dqn_softupdate/checkpoints' at (epoch 25000) at (iteration 564091)
 in /Users/jastills/personal_projects/mlagent_rl/Soko/training/agents/dqn_soft.py:85
[INFO] - 2020-01-26 11:18:22,294 - Agent - : Loading checkpoint 'experiments/soko_dqn_softupdate/checkpoints/ckpt_025000.pth.tar' in /Users/jastills/personal_projects/mlagent_rl/Soko/training/agents/dqn_soft.py:74
[INFO] - 2020-01-26 11:18:22,303 - Agent - : Checkpoint loaded from 'experiments/soko_dqn_softupdate/checkpoints' at (epoch 25000) at (iteration 564091)
 in /Users/jastills/personal_projects/mlagent_rl/Soko/training/agents/dqn_soft.py:85
[INFO] - 2020-01-26 11:18:26,263 - Agent - : Loading checkpoint 'experiments/soko_dqn_softupdate/checkpoints/ckpt_025000.pth.tar' in /Users/jastills/personal_projects/mlagent_rl/Soko/training/agents/dqn_soft.py:74
[INFO] - 2020-01-26 11:18:26,274 - Agent - : Checkpoint loaded from 'experiments/soko_dqn_softupdate/checkpoints' at (epoch 25000) at (iteration 564091)
 in /Users/jastills/personal_projects/mlagent_rl/Soko/training/agents/dqn_soft.py:85
[INFO] - 2020-01-26 11:18:26,996 - Agent - : Loading checkpoint 'experiments/soko_dqn_softupdate/checkpoints/ckpt_025000.pth.tar' in /Users/jastills/personal_projects/mlagent_rl/Soko/training/agents/dqn_soft.py:74
[INFO] - 2020-01-26 11:18:27,007 - Agent - : Checkpoint loaded from 'experiments/soko_dqn_softupdate/checkpoints' at (epoch 25000) at (iteration 564091)
 in /Users/jastills/personal_projects/mlagent_rl/Soko/training/agents/dqn_soft.py:85
[INFO] - 2020-01-26 11:18:28,448 - Agent - : Loading checkpoint 'experiments/soko_dqn_softupdate/checkpoints/ckpt_025000.pth.tar' in /Users/jastills/personal_projects/mlagent_rl/Soko/training/agents/dqn_soft.py:74
[INFO] - 2020-01-26 11:18:28,459 - Agent - : Checkpoint loaded from 'experiments/soko_dqn_softupdate/checkpoints' at (epoch 25000) at (iteration 564091)
 in /Users/jastills/personal_projects/mlagent_rl/Soko/training/agents/dqn_soft.py:85
[INFO] - 2020-01-26 11:18:30,264 - Agent - : Loading checkpoint 'experiments/soko_dqn_softupdate/checkpoints/ckpt_025000.pth.tar' in /Users/jastills/personal_projects/mlagent_rl/Soko/training/agents/dqn_soft.py:74
[INFO] - 2020-01-26 11:18:30,275 - Agent - : Checkpoint loaded from 'experiments/soko_dqn_softupdate/checkpoints' at (epoch 25000) at (iteration 564091)
 in /Users/jastills/personal_projects/mlagent_rl/Soko/training/agents/dqn_soft.py:85
