[INFO] - 2020-01-28 23:14:30,241 - root - : Root-! in /Users/jastills/personal_projects/mlagent_rl/Soko/training/utils/config.py:69
[INFO] - 2020-01-28 23:14:30,241 - root - : ------ in /Users/jastills/personal_projects/mlagent_rl/Soko/training/utils/config.py:70
[INFO] - 2020-01-28 23:14:33,079 - mlagents.envs - : 
'SokoAcademy' started successfully!
Unity Academy name: SokoAcademy
        Number of Brains: 1
        Number of Training Brains : 1
        Reset Parameters :
		numGoals -> 1.0
		numObstacles -> 1.0
		numBoxes -> 1.0
		gridSize -> 5.0
Unity brain name: SokoWorldLearning
        Number of Visual Observations (per agent): 1
        Vector Observation space size (per agent): 0
        Number of stacked Vector Observation: 1
        Vector Action space type: discrete
        Vector Action space size (per agent): [5]
        Vector Action descriptions:  in /Users/jastills/anaconda3/envs/rl/lib/python3.6/site-packages/mlagents/envs/environment.py:103
[INFO] - 2020-01-28 23:14:54,282 - root - : Root-! in /Users/jastills/personal_projects/mlagent_rl/Soko/training/utils/config.py:69
[INFO] - 2020-01-28 23:14:54,282 - root - : ------ in /Users/jastills/personal_projects/mlagent_rl/Soko/training/utils/config.py:70
[INFO] - 2020-01-28 23:14:56,731 - mlagents.envs - : 
'SokoAcademy' started successfully!
Unity Academy name: SokoAcademy
        Number of Brains: 1
        Number of Training Brains : 1
        Reset Parameters :
		numObstacles -> 1.0
		numBoxes -> 1.0
		gridSize -> 5.0
		numGoals -> 1.0
Unity brain name: SokoWorldLearning
        Number of Visual Observations (per agent): 1
        Vector Observation space size (per agent): 0
        Number of stacked Vector Observation: 1
        Vector Action space type: discrete
        Vector Action space size (per agent): [5]
        Vector Action descriptions:  in /Users/jastills/anaconda3/envs/rl/lib/python3.6/site-packages/mlagents/envs/environment.py:103
[INFO] - 2020-01-28 23:14:56,928 - Agent - : Running on CPU.. in /Users/jastills/personal_projects/mlagent_rl/Soko/training/agents/dueling_ddqn.py:52
[INFO] - 2020-01-29 09:23:28,638 - Agent - : Keyboard Interrupted. Wait to finalize.. in /Users/jastills/personal_projects/mlagent_rl/Soko/training/agents/dueling_ddqn.py:120
[INFO] - 2020-01-29 09:23:28,718 - Agent - : Please wait while finalizing the operation. in /Users/jastills/personal_projects/mlagent_rl/Soko/training/agents/dueling_ddqn.py:267
[INFO] - 2020-01-29 09:23:37,765 - root - : Root-! in /Users/jastills/personal_projects/mlagent_rl/Soko/training/utils/config.py:69
[INFO] - 2020-01-29 09:23:37,766 - root - : ------ in /Users/jastills/personal_projects/mlagent_rl/Soko/training/utils/config.py:70
[INFO] - 2020-01-29 09:23:40,636 - mlagents.envs - : 
'SokoAcademy' started successfully!
Unity Academy name: SokoAcademy
        Number of Brains: 1
        Number of Training Brains : 1
        Reset Parameters :
		numObstacles -> 1.0
		numBoxes -> 1.0
		gridSize -> 5.0
		numGoals -> 1.0
Unity brain name: SokoWorldLearning
        Number of Visual Observations (per agent): 1
        Vector Observation space size (per agent): 0
        Number of stacked Vector Observation: 1
        Vector Action space type: discrete
        Vector Action space size (per agent): [5]
        Vector Action descriptions:  in /Users/jastills/anaconda3/envs/rl/lib/python3.6/site-packages/mlagents/envs/environment.py:103
[INFO] - 2020-01-29 09:23:41,269 - Agent - : Running on CPU.. in /Users/jastills/personal_projects/mlagent_rl/Soko/training/agents/dueling_ddqn.py:52
[INFO] - 2020-01-29 22:55:28,082 - Agent - : Please wait while finalizing the operation. in /Users/jastills/personal_projects/mlagent_rl/Soko/training/agents/dueling_ddqn.py:267
[INFO] - 2020-01-29 23:05:29,223 - root - : Root-! in /Users/jastills/personal_projects/mlagent_rl/Soko/training/utils/config.py:69
[INFO] - 2020-01-29 23:05:29,236 - root - : ------ in /Users/jastills/personal_projects/mlagent_rl/Soko/training/utils/config.py:70
[INFO] - 2020-01-29 23:05:32,138 - mlagents.envs - : 
'SokoAcademy' started successfully!
Unity Academy name: SokoAcademy
        Number of Brains: 1
        Number of Training Brains : 1
        Reset Parameters :
		numObstacles -> 1.0
		numBoxes -> 1.0
		gridSize -> 5.0
		numGoals -> 1.0
Unity brain name: SokoWorldLearning
        Number of Visual Observations (per agent): 1
        Vector Observation space size (per agent): 0
        Number of stacked Vector Observation: 1
        Vector Action space type: discrete
        Vector Action space size (per agent): [5]
        Vector Action descriptions:  in /Users/jastills/anaconda3/envs/rl/lib/python3.6/site-packages/mlagents/envs/environment.py:103
[INFO] - 2020-01-29 23:05:32,662 - Agent - : Running on CPU.. in /Users/jastills/personal_projects/mlagent_rl/Soko/training/agents/dueling_ddqn.py:52
[INFO] - 2020-01-29 23:05:48,295 - root - : Root-! in /Users/jastills/personal_projects/mlagent_rl/Soko/training/utils/config.py:69
[INFO] - 2020-01-29 23:05:48,295 - root - : ------ in /Users/jastills/personal_projects/mlagent_rl/Soko/training/utils/config.py:70
[INFO] - 2020-01-29 23:05:50,923 - mlagents.envs - : 
'SokoAcademy' started successfully!
Unity Academy name: SokoAcademy
        Number of Brains: 1
        Number of Training Brains : 1
        Reset Parameters :
		numGoals -> 1.0
		numObstacles -> 1.0
		numBoxes -> 1.0
		gridSize -> 5.0
Unity brain name: SokoWorldLearning
        Number of Visual Observations (per agent): 1
        Vector Observation space size (per agent): 0
        Number of stacked Vector Observation: 1
        Vector Action space type: discrete
        Vector Action space size (per agent): [5]
        Vector Action descriptions:  in /Users/jastills/anaconda3/envs/rl/lib/python3.6/site-packages/mlagents/envs/environment.py:103
[INFO] - 2020-01-29 23:05:51,145 - Agent - : Running on CPU.. in /Users/jastills/personal_projects/mlagent_rl/Soko/training/agents/dueling_ddqn.py:52
[INFO] - 2020-01-29 23:12:47,887 - Agent - : Keyboard Interrupted. Wait to finalize.. in /Users/jastills/personal_projects/mlagent_rl/Soko/training/agents/dueling_ddqn.py:120
[INFO] - 2020-01-29 23:12:47,890 - Agent - : Please wait while finalizing the operation. in /Users/jastills/personal_projects/mlagent_rl/Soko/training/agents/dueling_ddqn.py:267
